This is pdfTeX, Version 3.14159265-2.6-1.40.18 (TeX Live 2017) (preloaded format=pdflatex 2017.5.23)  10 OCT 2017 09:39
entering extended mode
 restricted \write18 enabled.
 file:line:error style messages enabled.
 %&-line parsing enabled.
**uottawa-thesis.tex
(./uottawa-thesis.tex
LaTeX2e <2017-04-15>
Babel <3.10> and hyphenation patterns for 84 language(s) loaded.
(/usr/local/texlive/2017/texmf-dist/tex/latex/base/book.cls
Document Class: book 2014/09/29 v1.4h Standard LaTeX document class
(/usr/local/texlive/2017/texmf-dist/tex/latex/base/bk12.clo
File: bk12.clo 2014/09/29 v1.4h Standard LaTeX file (size option)
)
\c@part=\count79
\c@chapter=\count80
\c@section=\count81
\c@subsection=\count82
\c@subsubsection=\count83
\c@paragraph=\count84
\c@subparagraph=\count85
\c@figure=\count86
\c@table=\count87
\abovecaptionskip=\skip41
\belowcaptionskip=\skip42
\bibindent=\dimen102
)
(/usr/local/texlive/2017/texmf-dist/tex/latex/base/ifthen.sty
Package: ifthen 2014/09/29 v1.1c Standard LaTeX ifthen package (DPC)
)
(/usr/local/texlive/2017/texmf-dist/tex/latex/amsfonts/amssymb.sty
Package: amssymb 2013/01/14 v3.01 AMS font symbols

(/usr/local/texlive/2017/texmf-dist/tex/latex/amsfonts/amsfonts.sty
Package: amsfonts 2013/01/14 v3.01 Basic AMSFonts support
\@emptytoks=\toks14
\symAMSa=\mathgroup4
\symAMSb=\mathgroup5
LaTeX Font Info:    Overwriting math alphabet `\mathfrak' in version `bold'
(Font)                  U/euf/m/n --> U/euf/b/n on input line 106.
))
(/usr/local/texlive/2017/texmf-dist/tex/latex/psnfss/pifont.sty
Package: pifont 2005/04/12 PSNFSS-v9.2a Pi font support (SPQR) 
LaTeX Font Info:    Try loading font information for U+pzd on input line 63.

(/usr/local/texlive/2017/texmf-dist/tex/latex/psnfss/upzd.fd
File: upzd.fd 2001/06/04 font definitions for U/pzd.
)
LaTeX Font Info:    Try loading font information for U+psy on input line 64.

(/usr/local/texlive/2017/texmf-dist/tex/latex/psnfss/upsy.fd
File: upsy.fd 2001/06/04 font definitions for U/psy.
))
(./thesis-preamble.tex
(/usr/local/texlive/2017/texmf-dist/tex/latex/subfigure/subfigure.sty
Package: subfigure 2002/03/15 v2.1.5 subfigure package
\subfigtopskip=\skip43
\subfigcapskip=\skip44
\subfigcaptopadj=\dimen103
\subfigbottomskip=\skip45
\subfigcapmargin=\dimen104
\subfiglabelskip=\skip46
\c@subfigure=\count88
\c@lofdepth=\count89
\c@subtable=\count90
\c@lotdepth=\count91

****************************************
* Local config file subfigure.cfg used *
****************************************
(/usr/local/texlive/2017/texmf-dist/tex/latex/subfigure/subfigure.cfg)
\subfig@top=\skip47
\subfig@bottom=\skip48
)
(/usr/local/texlive/2017/texmf-dist/tex/latex/amsmath/amsmath.sty
Package: amsmath 2016/11/05 v2.16a AMS math features
\@mathmargin=\skip49

For additional information on amsmath, use the `?' option.
(/usr/local/texlive/2017/texmf-dist/tex/latex/amsmath/amstext.sty
Package: amstext 2000/06/29 v2.01 AMS text

(/usr/local/texlive/2017/texmf-dist/tex/latex/amsmath/amsgen.sty
File: amsgen.sty 1999/11/30 v2.0 generic functions
\@emptytoks=\toks15
\ex@=\dimen105
))
(/usr/local/texlive/2017/texmf-dist/tex/latex/amsmath/amsbsy.sty
Package: amsbsy 1999/11/29 v1.2d Bold Symbols
\pmbraise@=\dimen106
)
(/usr/local/texlive/2017/texmf-dist/tex/latex/amsmath/amsopn.sty
Package: amsopn 2016/03/08 v2.02 operator names
)
\inf@bad=\count92
LaTeX Info: Redefining \frac on input line 213.
\uproot@=\count93
\leftroot@=\count94
LaTeX Info: Redefining \overline on input line 375.
\classnum@=\count95
\DOTSCASE@=\count96
LaTeX Info: Redefining \ldots on input line 472.
LaTeX Info: Redefining \dots on input line 475.
LaTeX Info: Redefining \cdots on input line 596.
\Mathstrutbox@=\box26
\strutbox@=\box27
\big@size=\dimen107
LaTeX Font Info:    Redeclaring font encoding OML on input line 712.
LaTeX Font Info:    Redeclaring font encoding OMS on input line 713.
\macc@depth=\count97
\c@MaxMatrixCols=\count98
\dotsspace@=\muskip10
\c@parentequation=\count99
\dspbrk@lvl=\count100
\tag@help=\toks16
\row@=\count101
\column@=\count102
\maxfields@=\count103
\andhelp@=\toks17
\eqnshift@=\dimen108
\alignsep@=\dimen109
\tagshift@=\dimen110
\tagwidth@=\dimen111
\totwidth@=\dimen112
\lineht@=\dimen113
\@envbody=\toks18
\multlinegap=\skip50
\multlinetaggap=\skip51
\mathdisplay@stack=\toks19
LaTeX Info: Redefining \[ on input line 2817.
LaTeX Info: Redefining \] on input line 2818.
)
(/usr/local/texlive/2017/texmf-dist/tex/latex/booktabs/booktabs.sty
Package: booktabs 2016/04/27 v1.618033 publication quality tables
\heavyrulewidth=\dimen114
\lightrulewidth=\dimen115
\cmidrulewidth=\dimen116
\belowrulesep=\dimen117
\belowbottomsep=\dimen118
\aboverulesep=\dimen119
\abovetopsep=\dimen120
\cmidrulesep=\dimen121
\cmidrulekern=\dimen122
\defaultaddspace=\dimen123
\@cmidla=\count104
\@cmidlb=\count105
\@aboverulesep=\dimen124
\@belowrulesep=\dimen125
\@thisruleclass=\count106
\@lastruleclass=\count107
\@thisrulewidth=\dimen126
)
(/usr/local/texlive/2017/texmf-dist/tex/latex/geometry/geometry.sty
Package: geometry 2010/09/12 v5.6 Page Geometry

(/usr/local/texlive/2017/texmf-dist/tex/latex/graphics/keyval.sty
Package: keyval 2014/10/28 v1.15 key=value parser (DPC)
\KV@toks@=\toks20
)
(/usr/local/texlive/2017/texmf-dist/tex/generic/oberdiek/ifpdf.sty
Package: ifpdf 2017/03/15 v3.2 Provides the ifpdf switch
)
(/usr/local/texlive/2017/texmf-dist/tex/generic/oberdiek/ifvtex.sty
Package: ifvtex 2016/05/16 v1.6 Detect VTeX and its facilities (HO)
Package ifvtex Info: VTeX not detected.
)
(/usr/local/texlive/2017/texmf-dist/tex/generic/ifxetex/ifxetex.sty
Package: ifxetex 2010/09/12 v0.6 Provides ifxetex conditional
)
\Gm@cnth=\count108
\Gm@cntv=\count109
\c@Gm@tempcnt=\count110
\Gm@bindingoffset=\dimen127
\Gm@wd@mp=\dimen128
\Gm@odd@mp=\dimen129
\Gm@even@mp=\dimen130
\Gm@layoutwidth=\dimen131
\Gm@layoutheight=\dimen132
\Gm@layouthoffset=\dimen133
\Gm@layoutvoffset=\dimen134
\Gm@dimlist=\toks21
)
(/usr/local/texlive/2017/texmf-dist/tex/latex/graphics/graphicx.sty
Package: graphicx 2014/10/28 v1.0g Enhanced LaTeX Graphics (DPC,SPQR)

(/usr/local/texlive/2017/texmf-dist/tex/latex/graphics/graphics.sty
Package: graphics 2017/04/14 v1.1b Standard LaTeX Graphics (DPC,SPQR)

(/usr/local/texlive/2017/texmf-dist/tex/latex/graphics/trig.sty
Package: trig 2016/01/03 v1.10 sin cos tan (DPC)
)
(/usr/local/texlive/2017/texmf-dist/tex/latex/graphics-cfg/graphics.cfg
File: graphics.cfg 2016/06/04 v1.11 sample graphics configuration
)
Package graphics Info: Driver file: pdftex.def on input line 99.

(/usr/local/texlive/2017/texmf-dist/tex/latex/graphics-def/pdftex.def
File: pdftex.def 2017/01/12 v0.06k Graphics/color for pdfTeX

(/usr/local/texlive/2017/texmf-dist/tex/generic/oberdiek/infwarerr.sty
Package: infwarerr 2016/05/16 v1.4 Providing info/warning/error messages (HO)
)
(/usr/local/texlive/2017/texmf-dist/tex/generic/oberdiek/ltxcmds.sty
Package: ltxcmds 2016/05/16 v1.23 LaTeX kernel commands for general use (HO)
)
\Gread@gobject=\count111
))
\Gin@req@height=\dimen135
\Gin@req@width=\dimen136
)
(/usr/local/texlive/2017/texmf-dist/tex/latex/nomentbl/nomentbl.sty
Package: nomentbl 2006/04/14 v0.4 Nomenclature in a longtable environment

(/usr/local/texlive/2017/texmf-dist/tex/latex/tools/longtable.sty
Package: longtable 2014/10/28 v4.11 Multi-page Table package (DPC)
\LTleft=\skip52
\LTright=\skip53
\LTpre=\skip54
\LTpost=\skip55
\LTchunksize=\count112
\LTcapwidth=\dimen137
\LT@head=\box28
\LT@firsthead=\box29
\LT@foot=\box30
\LT@lastfoot=\box31
\LT@cols=\count113
\LT@rows=\count114
\c@LT@tables=\count115
\c@LT@chunks=\count116
\LT@p@ftn=\toks22
)
(/usr/local/texlive/2017/texmf-dist/tex/latex/nomencl/nomencl.sty
Package: nomencl 2005/09/22 v4.2 Nomenclature package (LN)
\nomlabelwidth=\dimen138
\nom@tempdim=\dimen139
\nomitemsep=\skip56
)
(/usr/local/texlive/2017/texmf-dist/tex/latex/tools/calc.sty
Package: calc 2014/10/28 v4.3 Infix arithmetic (KKT,FJ)
\calc@Acount=\count117
\calc@Bcount=\count118
\calc@Adimen=\dimen140
\calc@Bdimen=\dimen141
\calc@Askip=\skip57
\calc@Bskip=\skip58
LaTeX Info: Redefining \setlength on input line 80.
LaTeX Info: Redefining \addtolength on input line 81.
\calc@Ccount=\count119
\calc@Cskip=\skip59
)
(/usr/local/texlive/2017/texmf-dist/tex/latex/tools/array.sty
Package: array 2016/10/06 v2.4d Tabular extension package (FMi)
\col@sep=\dimen142
\extrarowheight=\dimen143
\NC@list=\toks23
\extratabsurround=\skip60
\backup@length=\skip61
))
\@nomenclaturefile=\write3
\openout3 = `uottawa-thesis.nlo'.


Writing nomenclature file uottawa-thesis.nlo
(/usr/local/texlive/2017/texmf-dist/tex/latex/hyperref/hyperref.sty
Package: hyperref 2017/03/14 v6.85a Hypertext links for LaTeX

(/usr/local/texlive/2017/texmf-dist/tex/generic/oberdiek/hobsub-hyperref.sty
Package: hobsub-hyperref 2016/05/16 v1.14 Bundle oberdiek, subset hyperref (HO)


(/usr/local/texlive/2017/texmf-dist/tex/generic/oberdiek/hobsub-generic.sty
Package: hobsub-generic 2016/05/16 v1.14 Bundle oberdiek, subset generic (HO)
Package: hobsub 2016/05/16 v1.14 Construct package bundles (HO)
Package hobsub Info: Skipping package `infwarerr' (already loaded).
Package hobsub Info: Skipping package `ltxcmds' (already loaded).
Package: ifluatex 2016/05/16 v1.4 Provides the ifluatex switch (HO)
Package ifluatex Info: LuaTeX not detected.
Package hobsub Info: Skipping package `ifvtex' (already loaded).
Package: intcalc 2016/05/16 v1.2 Expandable calculations with integers (HO)
Package hobsub Info: Skipping package `ifpdf' (already loaded).
Package: etexcmds 2016/05/16 v1.6 Avoid name clashes with e-TeX commands (HO)
Package etexcmds Info: Could not find \expanded.
(etexcmds)             That can mean that you are not using pdfTeX 1.50 or
(etexcmds)             that some package has redefined \expanded.
(etexcmds)             In the latter case, load this package earlier.
Package: kvsetkeys 2016/05/16 v1.17 Key value parser (HO)
Package: kvdefinekeys 2016/05/16 v1.4 Define keys (HO)
Package: pdftexcmds 2017/03/19 v0.25 Utility functions of pdfTeX for LuaTeX (HO
)
Package pdftexcmds Info: LuaTeX not detected.
Package pdftexcmds Info: \pdf@primitive is available.
Package pdftexcmds Info: \pdf@ifprimitive is available.
Package pdftexcmds Info: \pdfdraftmode found.
Package: pdfescape 2016/05/16 v1.14 Implements pdfTeX's escape features (HO)
Package: bigintcalc 2016/05/16 v1.4 Expandable calculations on big integers (HO
)
Package: bitset 2016/05/16 v1.2 Handle bit-vector datatype (HO)
Package: uniquecounter 2016/05/16 v1.3 Provide unlimited unique counter (HO)
)
Package hobsub Info: Skipping package `hobsub' (already loaded).
Package: letltxmacro 2016/05/16 v1.5 Let assignment for LaTeX macros (HO)
Package: hopatch 2016/05/16 v1.3 Wrapper for package hooks (HO)
Package: xcolor-patch 2016/05/16 xcolor patch
Package: atveryend 2016/05/16 v1.9 Hooks at the very end of document (HO)
Package atveryend Info: \enddocument detected (standard20110627).
Package: atbegshi 2016/06/09 v1.18 At begin shipout hook (HO)
Package: refcount 2016/05/16 v3.5 Data extraction from label references (HO)
Package: hycolor 2016/05/16 v1.8 Color options for hyperref/bookmark (HO)
)
(/usr/local/texlive/2017/texmf-dist/tex/latex/oberdiek/auxhook.sty
Package: auxhook 2016/05/16 v1.4 Hooks for auxiliary files (HO)
)
(/usr/local/texlive/2017/texmf-dist/tex/latex/oberdiek/kvoptions.sty
Package: kvoptions 2016/05/16 v3.12 Key value format for package options (HO)
)
\@linkdim=\dimen144
\Hy@linkcounter=\count120
\Hy@pagecounter=\count121

(/usr/local/texlive/2017/texmf-dist/tex/latex/hyperref/pd1enc.def
File: pd1enc.def 2017/03/14 v6.85a Hyperref: PDFDocEncoding definition (HO)
)
\Hy@SavedSpaceFactor=\count122

(/usr/local/texlive/2017/texmf-dist/tex/latex/latexconfig/hyperref.cfg
File: hyperref.cfg 2002/06/06 v1.2 hyperref configuration of TeXLive
)
Package hyperref Info: Option `final' set `true' on input line 4374.


Package hyperref Warning: Option `letterpaper' is no longer used.

Package hyperref Info: Hyper figures OFF on input line 4498.
Package hyperref Info: Link nesting OFF on input line 4503.
Package hyperref Info: Hyper index ON on input line 4506.
Package hyperref Info: Plain pages OFF on input line 4513.
Package hyperref Info: Backreferencing OFF on input line 4518.
Package hyperref Info: Implicit mode ON; LaTeX internals redefined.
Package hyperref Info: Bookmarks ON on input line 4751.
LaTeX Info: Redefining \href on input line 5015.
\c@Hy@tempcnt=\count123
(/usr/local/texlive/2017/texmf-dist/tex/latex/url/url.sty
\Urlmuskip=\muskip11
Package: url 2013/09/16  ver 3.4  Verb mode for urls, etc.
)
LaTeX Info: Redefining \url on input line 5104.
\XeTeXLinkMargin=\dimen145
\Fld@menulength=\count124
\Field@Width=\dimen146
\Fld@charsize=\dimen147
Package hyperref Info: Hyper figures OFF on input line 6358.
Package hyperref Info: Link nesting OFF on input line 6363.
Package hyperref Info: Hyper index ON on input line 6366.
Package hyperref Info: backreferencing OFF on input line 6373.
Package hyperref Info: Link coloring OFF on input line 6378.
Package hyperref Info: Link coloring with OCG OFF on input line 6383.
Package hyperref Info: PDF/A mode OFF on input line 6388.
LaTeX Info: Redefining \ref on input line 6428.
LaTeX Info: Redefining \pageref on input line 6432.
\Hy@abspage=\count125
\c@Item=\count126
\c@Hfootnote=\count127
)

Package hyperref Message: Driver: hpdftex.

(/usr/local/texlive/2017/texmf-dist/tex/latex/hyperref/hpdftex.def
File: hpdftex.def 2017/03/14 v6.85a Hyperref driver for pdfTeX
\Fld@listcount=\count128
\c@bookmark@seq@number=\count129

(/usr/local/texlive/2017/texmf-dist/tex/latex/oberdiek/rerunfilecheck.sty
Package: rerunfilecheck 2016/05/16 v1.8 Rerun checks for auxiliary files (HO)
Package uniquecounter Info: New unique counter `rerunfilecheck' on input line 2
82.
)
\Hy@SectionHShift=\skip62
)
Package hyperref Info: Option `plainpages' set `false' on input line 71.


Package hyperref Warning: Option `pdfpagelabels' has already been used,
(hyperref)                setting the option has no effect on input line 71.


Package hyperref Warning: Option `bookmarks' has already been used,
(hyperref)                setting the option has no effect on input line 71.

Package hyperref Info: Option `unicode' set `false' on input line 71.
Package hyperref Info: Option `pdftoolbar' set `true' on input line 71.
Package hyperref Info: Option `pdfmenubar' set `true' on input line 71.
Package hyperref Info: Option `pdffitwindow' set `false' on input line 71.
Package hyperref Info: Option `pdfnewwindow' set `true' on input line 71.
Package hyperref Info: Option `colorlinks' set `true' on input line 71.
) (./private/thesis-margins-and-spaces.tex) (./uottawa-thesis.aux
(./parts/10-introduction.aux) (./parts/20-related-work.aux)
(./parts/30-video-object-segmentation.aux) (./parts/40-remote-rendering.aux

LaTeX Warning: Label `tab:hypo' multiply defined.

) (./parts/50-realtime-remote-training-with-augmented-reality.aux)
(./parts/60-conclusion.aux))
\openout1 = `uottawa-thesis.aux'.

LaTeX Font Info:    Checking defaults for OML/cmm/m/it on input line 94.
LaTeX Font Info:    ... okay on input line 94.
LaTeX Font Info:    Checking defaults for T1/cmr/m/n on input line 94.
LaTeX Font Info:    ... okay on input line 94.
LaTeX Font Info:    Checking defaults for OT1/cmr/m/n on input line 94.
LaTeX Font Info:    ... okay on input line 94.
LaTeX Font Info:    Checking defaults for OMS/cmsy/m/n on input line 94.
LaTeX Font Info:    ... okay on input line 94.
LaTeX Font Info:    Checking defaults for OMX/cmex/m/n on input line 94.
LaTeX Font Info:    ... okay on input line 94.
LaTeX Font Info:    Checking defaults for U/cmr/m/n on input line 94.
LaTeX Font Info:    ... okay on input line 94.
LaTeX Font Info:    Checking defaults for PD1/pdf/m/n on input line 94.
LaTeX Font Info:    ... okay on input line 94.

*geometry* driver: auto-detecting
*geometry* detected driver: pdftex
*geometry* verbose mode - [ preamble ] result:
* driver: pdftex
* paper: letterpaper
* layout: <same size as paper>
* layoutoffset:(h,v)=(0.0pt,0.0pt)
* modes: 
* h-part:(L,W,R)=(54.2025pt, 469.755pt, 90.3375pt)
* v-part:(T,H,B)=(72.26999pt, 650.43001pt, 72.26999pt)
* \paperwidth=614.295pt
* \paperheight=794.96999pt
* \textwidth=460.72124pt
* \textheight=650.43001pt
* \oddsidemargin=9.03374pt
* \evensidemargin=9.03374pt
* \topmargin=-31.8738pt
* \headheight=12.0pt
* \headsep=19.8738pt
* \topskip=12.0pt
* \footskip=30.0pt
* \marginparwidth=0.0pt
* \marginparsep=0.0pt
* \columnsep=10.0pt
* \skip\footins=10.8pt plus 4.0pt minus 2.0pt
* \hoffset=0.0pt
* \voffset=0.0pt
* \mag=1000
* \@twocolumnfalse
* \@twosidefalse
* \@mparswitchfalse
* \@reversemarginfalse
* (1in=72.27pt=25.4mm, 1cm=28.453pt)

(/usr/local/texlive/2017/texmf-dist/tex/context/base/mkii/supp-pdf.mkii
[Loading MPS to PDF converter (version 2006.09.02).]
\scratchcounter=\count130
\scratchdimen=\dimen148
\scratchbox=\box32
\nofMPsegments=\count131
\nofMParguments=\count132
\everyMPshowfont=\toks24
\MPscratchCnt=\count133
\MPscratchDim=\dimen149
\MPnumerator=\count134
\makeMPintoPDFobject=\count135
\everyMPtoPDFconversion=\toks25
) (/usr/local/texlive/2017/texmf-dist/tex/latex/oberdiek/epstopdf-base.sty
Package: epstopdf-base 2016/05/15 v2.6 Base part for package epstopdf

(/usr/local/texlive/2017/texmf-dist/tex/latex/oberdiek/grfext.sty
Package: grfext 2016/05/16 v1.2 Manage graphics extensions (HO)
)
Package epstopdf-base Info: Redefining graphics rule for `.eps' on input line 4
38.
Package grfext Info: Graphics extension search list:
(grfext)             [.png,.pdf,.jpg,.mps,.jpeg,.jbig2,.jb2,.PNG,.PDF,.JPG,.JPE
G,.JBIG2,.JB2,.eps]
(grfext)             \AppendGraphicsExtensions on input line 456.

(/usr/local/texlive/2017/texmf-dist/tex/latex/latexconfig/epstopdf-sys.cfg
File: epstopdf-sys.cfg 2010/07/13 v1.3 Configuration of (r)epstopdf for TeX Liv
e
))
\AtBeginShipoutBox=\box33

(/usr/local/texlive/2017/texmf-dist/tex/latex/graphics/color.sty
Package: color 2016/07/10 v1.1e Standard LaTeX Color (DPC)

(/usr/local/texlive/2017/texmf-dist/tex/latex/graphics-cfg/color.cfg
File: color.cfg 2016/01/02 v1.6 sample color configuration
)
Package color Info: Driver file: pdftex.def on input line 147.
)
Package hyperref Info: Link coloring ON on input line 94.

(/usr/local/texlive/2017/texmf-dist/tex/latex/hyperref/nameref.sty
Package: nameref 2016/05/21 v2.44 Cross-referencing by name of section

(/usr/local/texlive/2017/texmf-dist/tex/generic/oberdiek/gettitlestring.sty
Package: gettitlestring 2016/05/16 v1.5 Cleanup title references (HO)
)
\c@section@level=\count136
)
LaTeX Info: Redefining \ref on input line 94.
LaTeX Info: Redefining \pageref on input line 94.
LaTeX Info: Redefining \nameref on input line 94.

(./uottawa-thesis.out) (./uottawa-thesis.out)
\@outlinefile=\write4
\openout4 = `uottawa-thesis.out'.

 (./private/00-frontpage.tex
LaTeX Font Info:    Try loading font information for OMS+cmr on input line 45.

(/usr/local/texlive/2017/texmf-dist/tex/latex/base/omscmr.fd
File: omscmr.fd 2014/09/29 v2.5h Standard LaTeX font definitions
)
LaTeX Font Info:    Font shape `OMS/cmr/m/n' in size <12> not available
(Font)              Font shape `OMS/cmsy/m/n' tried instead on input line 45.
 [1



{/usr/local/texlive/2017/texmf-var/fonts/map/pdftex/updmap/pdftex.map}])
(./parts/02-abstract.tex [2


]) (./private/toc-lot-lof.tex (./uottawa-thesis.toc
LaTeX Font Info:    Try loading font information for U+msa on input line 4.

(/usr/local/texlive/2017/texmf-dist/tex/latex/amsfonts/umsa.fd
File: umsa.fd 2013/01/14 v3.01 AMS symbols A
)
LaTeX Font Info:    Try loading font information for U+msb on input line 4.

(/usr/local/texlive/2017/texmf-dist/tex/latex/amsfonts/umsb.fd
File: umsb.fd 2013/01/14 v3.01 AMS symbols B
) [3




])
\tf@toc=\write5
\openout5 = `uottawa-thesis.toc'.

 [4]
(./uottawa-thesis.lot [5




])
\tf@lot=\write6
\openout6 = `uottawa-thesis.lot'.

 [6] (./uottawa-thesis.lof [7




])
\tf@lof=\write7
\openout7 = `uottawa-thesis.lof'.

 [8])
\openout2 = `parts/10-introduction.aux'.


(./parts/10-introduction.tex
Chapter 1.
[1





] [2] [3] [4] [5]) [6]
\openout2 = `parts/20-related-work.aux'.

 (./parts/20-related-work.tex
Chapter 2.

LaTeX Warning: Reference `dataset' on page 7 undefined on input line 18.

[7




]

LaTeX Warning: Reference `compression' on page 8 undefined on input line 20.

[8] [9] [10] [11] [12]
<figures/category2.png, id=621, 301.125pt x 316.18124pt>
File: figures/category2.png Graphic file (type png)

<use figures/category2.png>
Package pdftex.def Info: figures/category2.png used on input line 126.
(pdftex.def)             Requested size: 161.25523pt x 169.32173pt.

<figures/category1.png, id=623, 290.08376pt x 208.78pt>
File: figures/category1.png Graphic file (type png)

<use figures/category1.png>
Package pdftex.def Info: figures/category1.png used on input line 127.
(pdftex.def)             Requested size: 234.96529pt x 169.11086pt.
 [13 <./figures/category2.png> <./figures/category1.png>]
Missing character: There is no é in font cmr12!
 [14]) [15]
\openout2 = `parts/30-video-object-segmentation.aux'.

 (./parts/30-video-object-segmentation.tex
Chapter 3.
<figures/overview.pdf, id=667, 1311.39937pt x 390.70969pt>
File: figures/overview.pdf Graphic file (type pdf)

<use figures/overview.pdf>
Package pdftex.def Info: figures/overview.pdf used on input line 14.
(pdftex.def)             Requested size: 460.72124pt x 137.26314pt.
 [16




]
<figures/trimap.pdf, id=683, 490.83376pt x 306.39468pt>
File: figures/trimap.pdf Graphic file (type pdf)

<use figures/trimap.pdf>
Package pdftex.def Info: figures/trimap.pdf used on input line 39.
(pdftex.def)             Requested size: 238.49121pt x 148.8724pt.
 [17 <./figures/overview.pdf>]
<figures/img_selects.png, id=718, 1027.84pt x 770.88pt>
File: figures/img_selects.png Graphic file (type png)

<use figures/img_selects.png>
Package pdftex.def Info: figures/img_selects.png used on input line 78.
(pdftex.def)             Requested size: 161.25523pt x 120.93198pt.
 <figures/sMap.png, id=719, 1027.84pt x 770.88pt>
File: figures/sMap.png Graphic file (type png)

<use figures/sMap.png>
Package pdftex.def Info: figures/sMap.png used on input line 79.
(pdftex.def)             Requested size: 161.25523pt x 120.93198pt.
 [18 <./figures/trimap.pdf>] [19 <./figures/img_selects.png (PNG copy)> <./figu
res/sMap.png (PNG copy)>] [20] [21] [22]
<figures/bs_vs_mask.pdf, id=819, 783.92876pt x 333.00139pt>
File: figures/bs_vs_mask.pdf Graphic file (type pdf)

<use figures/bs_vs_mask.pdf>
Package pdftex.def Info: figures/bs_vs_mask.pdf used on input line 261.
(pdftex.def)             Requested size: 446.90016pt x 189.83817pt.

<figures/color-space-sigma.pdf, id=822, 578.16pt x 433.62pt>
File: figures/color-space-sigma.pdf Graphic file (type pdf)

<use figures/color-space-sigma.pdf>
Package pdftex.def Info: figures/color-space-sigma.pdf used on input line 272.
(pdftex.def)             Requested size: 119.24506pt x 89.4286pt.

<figures/number_of_constraints.pdf, id=823, 578.16pt x 433.62pt>
File: figures/number_of_constraints.pdf Graphic file (type pdf)

<use figures/number_of_constraints.pdf>
Package pdftex.def Info: figures/number_of_constraints.pdf used on input line 2
73.
(pdftex.def)             Requested size: 119.24506pt x 89.4286pt.
 [23] [24 <./figures/bs_vs_mask.pdf> <./figures/color-space-sigma.pdf

pdfTeX warning: /Library/TeX/texbin/pdflatex (file ./figures/color-space-sigma.
pdf): PDF inclusion: multiple pdfs with page group included in a single page
> <./figures/number_of_constraints.pdf

pdfTeX warning: /Library/TeX/texbin/pdflatex (file ./figures/number_of_constrai
nts.pdf): PDF inclusion: multiple pdfs with page group included in a single pag
e
>] <figures/compression_workflow.pdf, id=986, 845.40843pt x 341.02406pt>
File: figures/compression_workflow.pdf Graphic file (type pdf)

<use figures/compression_workflow.pdf>
Package pdftex.def Info: figures/compression_workflow.pdf used on input line 29
5.
(pdftex.def)             Requested size: 446.90016pt x 180.26836pt.

<figures/inter.pdf, id=988, 578.16pt x 433.91241pt>
File: figures/inter.pdf Graphic file (type pdf)
 <use figures/inter.pdf>
Package pdftex.def Info: figures/inter.pdf used on input line 304.
(pdftex.def)             Requested size: 119.24506pt x 89.4889pt.

<figures/intra.pdf, id=989, 578.16pt x 433.91241pt>
File: figures/intra.pdf Graphic file (type pdf)
 <use figures/intra.pdf>
Package pdftex.def Info: figures/intra.pdf used on input line 305.
(pdftex.def)             Requested size: 119.24506pt x 89.4889pt.
)
[25 <./figures/compression_workflow.pdf>] [26 <./figures/inter.pdf> <./figures/
intra.pdf

pdfTeX warning: /Library/TeX/texbin/pdflatex (file ./figures/intra.pdf): PDF in
clusion: multiple pdfs with page group included in a single page
>]
\openout2 = `parts/40-remote-rendering.aux'.

 (./parts/40-remote-rendering.tex
Chapter 4.
[27




] <figures/architecture.pdf, id=1060, 773.89125pt x 425.33907pt>
File: figures/architecture.pdf Graphic file (type pdf)

<use figures/architecture.pdf>
Package pdftex.def Info: figures/architecture.pdf used on input line 36.
(pdftex.def)             Requested size: 460.72124pt x 253.2194pt.

<figures/sequence_workflow.pdf, id=1061, 596.98032pt x 405.76593pt>
File: figures/sequence_workflow.pdf Graphic file (type pdf)

<use figures/sequence_workflow.pdf>
Package pdftex.def Info: figures/sequence_workflow.pdf used on input line 43.
(pdftex.def)             Requested size: 460.72124pt x 313.15276pt.
 [28 <./figures/architecture.pdf>] [29 <./figures/sequence_workflow.pdf>]
Package epstopdf Info: Source file: <figures/workflow_server.eps>
(epstopdf)                    date: 2016-08-21 01:39:08
(epstopdf)                    size: 59272891 bytes
(epstopdf)             Output file: <figures/workflow_server-eps-converted-to.p
df>
(epstopdf)                    date: 2017-04-26 10:17:26
(epstopdf)                    size: 338922 bytes
(epstopdf)             Command: <repstopdf --outfile=figures/workflow_server-ep
s-converted-to.pdf figures/workflow_server.eps>
(epstopdf)             \includegraphics on input line 61.
Package epstopdf Info: Output file is already uptodate.

<figures/workflow_server-eps-converted-to.pdf, id=1172, 1032.85875pt x 657.4562
5pt>
File: figures/workflow_server-eps-converted-to.pdf Graphic file (type pdf)
 <use figures/workflow_server-eps-converted-to.pdf>
Package pdftex.def Info: figures/workflow_server-eps-converted-to.pdf used on i
nput line 61.
(pdftex.def)             Requested size: 322.50345pt x 205.28403pt.

<figures/workflow_client.pdf, id=1173, 601.4972pt x 575.90157pt>
File: figures/workflow_client.pdf Graphic file (type pdf)

<use figures/workflow_client.pdf>
Package pdftex.def Info: figures/workflow_client.pdf used on input line 68.
(pdftex.def)             Requested size: 322.50345pt x 308.78532pt.


LaTeX Warning: Reference `sec:intro' on page 30 undefined on input line 75.

<figures/two-pass-rendering.pdf, id=1174, 513.41812pt x 257.46187pt>
File: figures/two-pass-rendering.pdf Graphic file (type pdf)

<use figures/two-pass-rendering.pdf>
Package pdftex.def Info: figures/two-pass-rendering.pdf used on input line 82.
(pdftex.def)             Requested size: 322.50345pt x 161.72647pt.
 [30 <./figures/workflow_server-eps-converted-to.pdf>] [31 <./figures/workflow_
client.pdf> <./figures/two-pass-rendering.pdf

pdfTeX warning: /Library/TeX/texbin/pdflatex (file ./figures/two-pass-rendering
.pdf): PDF inclusion: multiple pdfs with page group included in a single page
>] <figures/user_study.png, id=1209, 1927.2pt x 1084.05pt>
File: figures/user_study.png Graphic file (type png)

<use figures/user_study.png>
Package pdftex.def Info: figures/user_study.png used on input line 106.
(pdftex.def)             Requested size: 460.72124pt x 259.15176pt.
 [32] [33] [34 <./figures/user_study.png>]
Overfull \hbox (1.93346pt too wide) in paragraph at lines 189--196
 [][] 
 []


Overfull \hbox (17.56264pt too wide) in paragraph at lines 206--218
 [][] 
 []

[35] [36] [37]
Overfull \hbox (21.70511pt too wide) in paragraph at lines 321--342
 [][] 
 []


Overfull \hbox (23.59814pt too wide) in paragraph at lines 378--399
 [][] 
 []


Overfull \hbox (60.37933pt too wide) in paragraph at lines 431--443
 [][] 
 []

[38] [39] [40]) [41] [42]
\openout2 = `parts/50-realtime-remote-training-with-augmented-reality.aux'.


(./parts/50-realtime-remote-training-with-augmented-reality.tex
Chapter 5.
<figures/scenario1.pdf, id=1277, 1204.5pt x 897.3525pt>
File: figures/scenario1.pdf Graphic file (type pdf)

<use figures/scenario1.pdf>
Package pdftex.def Info: figures/scenario1.pdf used on input line 14.
(pdftex.def)             Requested size: 460.72124pt x 343.24306pt.

<figures/scenario2.pdf, id=1278, 1204.5pt x 981.6675pt>
File: figures/scenario2.pdf Graphic file (type pdf)

<use figures/scenario2.pdf>
Package pdftex.def Info: figures/scenario2.pdf used on input line 21.
(pdftex.def)             Requested size: 460.72124pt x 375.49408pt.
 [43




] [44 <./figures/scenario1.pdf>] [45 <./figures/scenario2.pdf>] [46]
<figures/communication_schema.pdf, id=1387, 514.17094pt x 496.10344pt>
File: figures/communication_schema.pdf Graphic file (type pdf)

<use figures/communication_schema.pdf>
Package pdftex.def Info: figures/communication_schema.pdf used on input line 64
.
(pdftex.def)             Requested size: 460.72124pt x 444.54349pt.
 [47 <./figures/communication_schema.pdf>]) [48] [49]
\openout2 = `parts/60-conclusion.aux'.

 (./parts/60-conclusion.tex
Chapter 6.
[50




]) [51] (./uottawa-thesis.bbl [52




]
Missing character: There is no Ã in font cmr12!
Missing character: There is no © in font cmr12!
Missing character: There is no Ã in font cmr12!
Missing character: There is no ­ in font cmr12!
 [53]
Missing character: There is no Ã in font cmr12!
Missing character: There is no ­ in font cmr12!
Missing character: There is no Ã in font cmr12!
Missing character: There is no ³ in font cmr12!
Missing character: There is no é in font cmr12!
Missing character: There is no á in font cmr12!
Missing character: There is no í in font cmr12!
 [54] [55]
Missing character: There is no ö in font cmr12!
 [56])
Package atveryend Info: Empty hook `BeforeClearDocument' on input line 199.
 [57]
Package atveryend Info: Empty hook `AfterLastShipout' on input line 199.

(./uottawa-thesis.aux (./parts/10-introduction.aux)
(./parts/20-related-work.aux) (./parts/30-video-object-segmentation.aux)
(./parts/40-remote-rendering.aux)
(./parts/50-realtime-remote-training-with-augmented-reality.aux)
(./parts/60-conclusion.aux))
Package atveryend Info: Executing hook `AtVeryEndDocument' on input line 199.
Package atveryend Info: Executing hook `AtEndAfterFileList' on input line 199.
Package rerunfilecheck Info: File `uottawa-thesis.out' has not changed.
(rerunfilecheck)             Checksum: F7D8FEA656EB9B5297788D91942A2200;2866.


LaTeX Warning: There were undefined references.


LaTeX Warning: There were multiply-defined labels.

Package atveryend Info: Empty hook `AtVeryVeryEnd' on input line 199.
 ) 
Here is how much of TeX's memory you used:
 7708 strings out of 492995
 112352 string characters out of 6132704
 238017 words of memory out of 5000000
 10811 multiletter control sequences out of 15000+600000
 16549 words of font info for 62 fonts, out of 8000000 for 9000
 1141 hyphenation exceptions out of 8191
 30i,12n,30p,1550b,436s stack positions out of 5000i,500n,10000p,200000b,80000s
</usr/local/texlive/2017/texmf-dist/fonts/type1/public/amsfonts/cm/cmbx12.pfb
></usr/local/texlive/2017/texmf-dist/fonts/type1/public/amsfonts/cm/cmex10.pfb>
</usr/local/texlive/2017/texmf-dist/fonts/type1/public/amsfonts/cm/cmmi12.pfb><
/usr/local/texlive/2017/texmf-dist/fonts/type1/public/amsfonts/cm/cmmi6.pfb></u
sr/local/texlive/2017/texmf-dist/fonts/type1/public/amsfonts/cm/cmmi8.pfb></usr
/local/texlive/2017/texmf-dist/fonts/type1/public/amsfonts/cm/cmr10.pfb></usr/l
ocal/texlive/2017/texmf-dist/fonts/type1/public/amsfonts/cm/cmr12.pfb></usr/loc
al/texlive/2017/texmf-dist/fonts/type1/public/amsfonts/cm/cmr17.pfb></usr/local
/texlive/2017/texmf-dist/fonts/type1/public/amsfonts/cm/cmr6.pfb></usr/local/te
xlive/2017/texmf-dist/fonts/type1/public/amsfonts/cm/cmr7.pfb></usr/local/texli
ve/2017/texmf-dist/fonts/type1/public/amsfonts/cm/cmr8.pfb></usr/local/texlive/
2017/texmf-dist/fonts/type1/public/amsfonts/cm/cmsy10.pfb></usr/local/texlive/2
017/texmf-dist/fonts/type1/public/amsfonts/cm/cmsy8.pfb></usr/local/texlive/201
7/texmf-dist/fonts/type1/public/amsfonts/cm/cmti12.pfb></usr/local/texlive/2017
/texmf-dist/fonts/type1/urw/zapfding/uzdr.pfb>
Output written on uottawa-thesis.pdf (65 pages, 7259404 bytes).
PDF statistics:
 1577 PDF objects out of 1728 (max. 8388607)
 1227 compressed objects within 13 object streams
 240 named destinations out of 1000 (max. 500000)
 458 words of extra memory for PDF output out of 10000 (max. 10000000)

