\BOOKMARK [0][-]{section*.2}{List of Tables}{}% 1
\BOOKMARK [0][-]{section*.4}{List of Figures}{}% 2
\BOOKMARK [0][-]{chapter.1}{Introduction}{}% 3
\BOOKMARK [1][-]{section.1.1}{Motivation of the Problem}{chapter.1}% 4
\BOOKMARK [1][-]{section.1.2}{Problem Statement}{chapter.1}% 5
\BOOKMARK [2][-]{subsection.1.2.1}{Object Segmentation}{section.1.2}% 6
\BOOKMARK [2][-]{subsection.1.2.2}{Remote Rendering}{section.1.2}% 7
\BOOKMARK [2][-]{subsection.1.2.3}{Augmented Reality Training Framework}{section.1.2}% 8
\BOOKMARK [1][-]{section.1.3}{Contributions}{chapter.1}% 9
\BOOKMARK [1][-]{section.1.4}{Outline}{chapter.1}% 10
\BOOKMARK [0][-]{chapter.2}{Related Work}{}% 11
\BOOKMARK [1][-]{section.2.1}{Object Segmentation}{chapter.2}% 12
\BOOKMARK [1][-]{section.2.2}{Remote Rendering}{chapter.2}% 13
\BOOKMARK [1][-]{section.2.3}{Augmented Reality Training}{chapter.2}% 14
\BOOKMARK [2][-]{subsection.2.3.1}{Virtual Objects}{section.2.3}% 15
\BOOKMARK [2][-]{subsection.2.3.2}{Real Objects}{section.2.3}% 16
\BOOKMARK [0][-]{chapter.3}{Video Object Segmentation}{}% 17
\BOOKMARK [1][-]{section.3.1}{Method}{chapter.3}% 18
\BOOKMARK [2][-]{subsection.3.1.1}{Trimap Generation}{section.3.1}% 19
\BOOKMARK [2][-]{subsection.3.1.2}{Color Similarity Calculation}{section.3.1}% 20
\BOOKMARK [2][-]{subsection.3.1.3}{Foreground-background Labelling}{section.3.1}% 21
\BOOKMARK [1][-]{section.3.2}{Evaluation}{chapter.3}% 22
\BOOKMARK [2][-]{subsection.3.2.1}{Dataset}{section.3.2}% 23
\BOOKMARK [2][-]{subsection.3.2.2}{Results}{section.3.2}% 24
\BOOKMARK [1][-]{section.3.3}{Content-Aware Video Compression}{chapter.3}% 25
\BOOKMARK [0][-]{chapter.4}{Hybrid Remote Rendering}{}% 26
\BOOKMARK [1][-]{section.4.1}{Method}{chapter.4}% 27
\BOOKMARK [2][-]{subsection.4.1.1}{Client-Server Prototype Design}{section.4.1}% 28
\BOOKMARK [2][-]{subsection.4.1.2}{Workflows}{section.4.1}% 29
\BOOKMARK [2][-]{subsection.4.1.3}{Two-pass Rendering}{section.4.1}% 30
\BOOKMARK [1][-]{section.4.2}{User Study}{chapter.4}% 31
\BOOKMARK [2][-]{subsection.4.2.1}{Pre-Trial Study}{section.4.2}% 32
\BOOKMARK [2][-]{subsection.4.2.2}{Main Study}{section.4.2}% 33
\BOOKMARK [2][-]{subsection.4.2.3}{Data Analysis Overview}{section.4.2}% 34
\BOOKMARK [2][-]{subsection.4.2.4}{Results and Discussion}{section.4.2}% 35
\BOOKMARK [1][-]{section.4.3}{Conclusions}{chapter.4}% 36
\BOOKMARK [0][-]{chapter.5}{Remaining Work: Realtime Remote Training with Augmented Reality}{}% 37
\BOOKMARK [1][-]{section.5.1}{Overview}{chapter.5}% 38
\BOOKMARK [1][-]{section.5.2}{Communication Schema Design}{chapter.5}% 39
\BOOKMARK [1][-]{section.5.3}{Pose Estimation of Multiple Objects}{chapter.5}% 40
\BOOKMARK [1][-]{section.5.4}{Limitations}{chapter.5}% 41
\BOOKMARK [0][-]{chapter.6}{Conclusion}{}% 42
\BOOKMARK [1][-]{section.6.1}{Schedule}{chapter.6}% 43
\BOOKMARK [0][-]{section*.9}{References}{}% 44
